<?xml version="1.0" encoding="UTF-8"?>
<!-- Generated by org.testng.reporters.JUnitReportReporter -->
<testsuite hostname="JJCTDL3" failures="0" tests="2" name="com.test.runner.TestRunner" time="32.897" errors="1" timestamp="2022-09-14T21:23:44 IST" skipped="0">
  <testcase classname="com.test.runner.TestRunner" name="runScenario" time="27.578">
    <error message="Expected condition failed: waiting for visibility of element located by By.xpath: //*[contains(text(),&quot;Google&quot;)] (tried for 20 second(s) with 250 milliseconds interval)
Build info: version: &#039;4.3.0&#039;, revision: &#039;a4995e2c09*&#039;
System info: host: &#039;JJCTDL3&#039;, ip: &#039;192.168.31.164&#039;, os.name: &#039;Windows 10&#039;, os.arch: &#039;amd64&#039;, os.version: &#039;10.0&#039;, java.version: &#039;18.0.1.1&#039;
Driver info: driver.version: unknown" type="org.openqa.selenium.TimeoutException">
      <![CDATA[org.openqa.selenium.TimeoutException: Expected condition failed: waiting for visibility of element located by By.xpath: //*[contains(text(),"Google")] (tried for 20 second(s) with 250 milliseconds interval)
Build info: version: '4.3.0', revision: 'a4995e2c09*'
System info: host: 'JJCTDL3', ip: '192.168.31.164', os.name: 'Windows 10', os.arch: 'amd64', os.version: '10.0', java.version: '18.0.1.1'
Driver info: driver.version: unknown
at org.openqa.selenium.support.ui.FluentWait.timeoutException(FluentWait.java:263)
at org.openqa.selenium.support.ui.FluentWait.until(FluentWait.java:231)
at com.test.utility.CommonSeleniumFunction.verifyText(CommonSeleniumFunction.java:126)
at com.test.stepdef.StepDefinition.verfy_text(StepDefinition.java:68)
at ✽.Check if text "Google" is present on the screen(file:///C:/Users/deepalipkushwaha/eclipse-workspace/TestAutomationProject/feature/test1.feature:6)
]]>
    </error>
  </testcase> <!-- runScenario -->
  <system-out/>
  <testcase classname="com.test.runner.TestRunner" name="runScenario" time="5.319"/>
  <system-out/>
</testsuite> <!-- com.test.runner.TestRunner -->
